<?xml version="1.0" encoding="UTF-8"?>
<!-- Generated by org.testng.reporters.JUnitReportReporter -->
<testsuite hostname="DESKTOP-JTEGST3" failures="0" tests="2" name="test.automation_testing.TestNG_practice2" time="8.591" errors="0" timestamp="2026-08-18T11:29:50 IST" skipped="0">
  <testcase classname="test.automation_testing.TestNG_practice2" name="registration" time="0.111"/>
  <testcase classname="test.automation_testing.TestNG_practice2" name="launch" time="8.480"/>
</testsuite> <!-- test.automation_testing.TestNG_practice2 -->
