<?xml version="1.0" encoding="UTF-8"?>
<!-- Generated by org.testng.reporters.JUnitReportReporter -->
<testsuite hostname="DESKTOP-JTEGST3" failures="0" tests="5" name="test_dataProvider.saucedemo_login_logout" time="11.737" errors="0" timestamp="2026-08-20T11:35:06 IST" skipped="0">
  <testcase classname="test_dataProvider.saucedemo_login_logout" name="login" time="1.287"/>
  <testcase classname="test_dataProvider.saucedemo_login_logout" name="login" time="6.284"/>
  <testcase classname="test_dataProvider.saucedemo_login_logout" name="login" time="1.558"/>
  <testcase classname="test_dataProvider.saucedemo_login_logout" name="login" time="1.271"/>
  <testcase classname="test_dataProvider.saucedemo_login_logout" name="login" time="1.337"/>
</testsuite> <!-- test_dataProvider.saucedemo_login_logout -->
