<?xml version="1.0" encoding="UTF-8"?>
<!-- Generated by org.testng.reporters.JUnitReportReporter -->
<testsuite hostname="DESKTOP-JTEGST3" failures="0" tests="3" name="test.automation_testing.TestNG_priorities4" time="0.014" errors="0" timestamp="2026-08-18T15:55:42 IST" skipped="0">
  <testcase classname="test.automation_testing.TestNG_priorities4" name="show0" time="0.010"/>
  <testcase classname="test.automation_testing.TestNG_priorities4" name="show2" time="0.002"/>
  <testcase classname="test.automation_testing.TestNG_priorities4" name="ashowNegative" time="0.002"/>
</testsuite> <!-- test.automation_testing.TestNG_priorities4 -->
