<?xml version="1.0" encoding="UTF-8"?>
<!-- Generated by org.testng.reporters.JUnitReportReporter -->
<testsuite hostname="DESKTOP-JTEGST3" failures="0" tests="3" name="TestNG_Practice.TutorialsPoint_PracticeForm" time="21.343" errors="0" timestamp="2026-08-22T01:59:13 IST" skipped="0">
  <testcase classname="TestNG_Practice.TutorialsPoint_PracticeForm" name="textBoxDemo" time="7.845"/>
  <testcase classname="TestNG_Practice.TutorialsPoint_PracticeForm" name="checkBoxDemo" time="6.674"/>
  <testcase classname="TestNG_Practice.TutorialsPoint_PracticeForm" name="redioDemo" time="6.824"/>
</testsuite> <!-- TestNG_Practice.TutorialsPoint_PracticeForm -->
