<?xml version="1.0" encoding="UTF-8"?>
<testng-results ignored="0" total="3" passed="3" failed="0" skipped="0">
  <reporter-output>
  </reporter-output>
  <suite started-at="2026-08-18T15:55:42 IST" name="Default suite" finished-at="2026-08-18T15:55:42 IST" duration-ms="60">
    <groups>
    </groups>
    <test started-at="2026-08-18T15:55:42 IST" name="Default test" finished-at="2026-08-18T15:55:42 IST" duration-ms="60">
      <class name="test.automation_testing.TestNG_priorities4">
        <test-method signature="show0()[pri:-1, instance:test.automation_testing.TestNG_priorities4@1b7cc17c]" started-at="2026-08-18T15:55:42 IST" name="show0" finished-at="2026-08-18T15:55:42 IST" duration-ms="10" status="PASS">
          <reporter-output>
          </reporter-output>
        </test-method> <!-- show0 -->
        <test-method signature="ashowNegative()[pri:0, instance:test.automation_testing.TestNG_priorities4@1b7cc17c]" started-at="2026-08-18T15:55:42 IST" name="ashowNegative" finished-at="2026-08-18T15:55:42 IST" duration-ms="2" status="PASS">
          <reporter-output>
          </reporter-output>
        </test-method> <!-- ashowNegative -->
        <test-method signature="show2()[pri:0, instance:test.automation_testing.TestNG_priorities4@1b7cc17c]" started-at="2026-08-18T15:55:42 IST" name="show2" finished-at="2026-08-18T15:55:42 IST" duration-ms="2" status="PASS">
          <reporter-output>
          </reporter-output>
        </test-method> <!-- show2 -->
      </class> <!-- test.automation_testing.TestNG_priorities4 -->
    </test> <!-- Default test -->
  </suite> <!-- Default suite -->
</testng-results>
