<?xml version="1.0" encoding="UTF-8"?>
<!-- Generated by org.testng.reporters.JUnitXMLReporter -->
<testsuite ignored="6" hostname="DESKTOP-JTEGST3" failures="0" tests="0" time="0.013" errors="0" timestamp="2026-08-24T11:23:24 IST">
  <testcase classname="Grouping_TestNG.PriorityTesting" name="add" time="0.0">
    <ignored/>
  </testcase> <!-- add -->
  <testcase classname="Grouping_TestNG.Grouping" name="first" time="0.0">
    <ignored/>
  </testcase> <!-- first -->
  <testcase classname="Grouping_TestNG.Grouping" name="second" time="0.0">
    <ignored/>
  </testcase> <!-- second -->
  <testcase classname="Grouping_TestNG.Grouping" name="thired" time="0.0">
    <ignored/>
  </testcase> <!-- thired -->
  <testcase classname="Grouping_TestNG.PriorityTesting" name="display" time="0.0">
    <ignored/>
  </testcase> <!-- display -->
  <testcase classname="Grouping_TestNG.PriorityTesting" name="show" time="0.0">
    <ignored/>
  </testcase> <!-- show -->
</testsuite>
