<?xml version="1.0" encoding="UTF-8"?>
<!-- Generated by org.testng.reporters.JUnitXMLReporter -->
<testsuite ignored="0" hostname="DESKTOP-JTEGST3" failures="1" tests="2" name="Test" time="25.225" errors="0" timestamp="2026-08-20T09:34:25 IST">
  <testcase classname="DemoQA_PracticeForm.PracticeForm_01" name="fillBasicDetails" time="2.673"/>
  <testcase classname="DemoQA_PracticeForm.practiceForm_02" name="fillAdditionalDetails" time="1.287">
    <failure type="org.openqa.selenium.ElementClickInterceptedException" message="element click intercepted: Element &amp;lt;input id=&amp;quot;hobbies-checkbox-2&amp;quot; class=&amp;quot;form-check-input&amp;quot; type=&amp;quot;checkbox&amp;quot; value=&amp;quot;2&amp;quot;&amp;gt; is not clickable at point (586, 531). Other element would receive the click: &amp;lt;div class=&amp;quot;subjects-auto-complete__option subjects-auto-complete__option--is-focused css-d7l1ni-option&amp;quot; aria-disabled=&amp;quot;false&amp;quot; id=&amp;quot;react-select-2-option-0&amp;quot; tabindex=&amp;quot;-1&amp;quot; role=&amp;quot;option&amp;quot; aria-selected=&amp;quot;false&amp;quot;&amp;gt;...&amp;lt;/div&amp;gt;
  (Session info: chrome=151.0.7922.140)
Build info: version: &amp;apos;4.39.0&amp;apos;, revision: &amp;apos;126f156aee&amp;apos;
System info: os.name: &amp;apos;Windows 10&amp;apos;, os.arch: &amp;apos;amd64&amp;apos;, os.version: &amp;apos;10.0&amp;apos;, java.version: &amp;apos;19.0.2&amp;apos;
Driver info: org.openqa.selenium.chrome.ChromeDriver
Command: [56a45dd587e608bd94f46bf269b4e508, clickElement {id=f.3AAD7566EB6F28F96322BDFF12349B72.d.03ED23960F19C1E77322C35CA84B6018.e.18}]
Capabilities {acceptInsecureCerts: false, browserName: chrome, browserVersion: 151.0.7922.140, chrome: {chromedriverVersion: 151.0.7922.138 (41fa8244239..., userDataDir: C:\Users\Asus\AppData\Local...}, fedcm:accounts: true, goog:chromeOptions: {debuggerAddress: localhost:50639}, goog:processID: 6892, networkConnectionEnabled: false, pageLoadStrategy: normal, platformName: windows, proxy: Proxy(), se:cdp: ws://localhost:50639/devtoo..., se:cdpVersion: 151.0.7922.140, setWindowRect: true, strictFileInteractability: false, timeouts: {implicit: 0, pageLoad: 300000, script: 30000}, unhandledPromptBehavior: dismiss and notify, webauthn:extension:credBlob: true, webauthn:extension:largeBlob: true, webauthn:extension:minPinLength: true, webauthn:extension:prf: true, webauthn:virtualAuthenticators: true}
Element: [[ChromeDriver: chrome on windows (56a45dd587e608bd94f46bf269b4e508)] -&amp;gt; id: hobbies-checkbox-2]
Session ID: 56a45dd587e608bd94f46bf269b4e508">
      <![CDATA[org.openqa.selenium.ElementClickInterceptedException: element click intercepted: Element <input id="hobbies-checkbox-2" class="form-check-input" type="checkbox" value="2"> is not clickable at point (586, 531). Other element would receive the click: <div class="subjects-auto-complete__option subjects-auto-complete__option--is-focused css-d7l1ni-option" aria-disabled="false" id="react-select-2-option-0" tabindex="-1" role="option" aria-selected="false">...</div>
  (Session info: chrome=151.0.7922.140)
Build info: version: '4.39.0', revision: '126f156aee'
System info: os.name: 'Windows 10', os.arch: 'amd64', os.version: '10.0', java.version: '19.0.2'
Driver info: org.openqa.selenium.chrome.ChromeDriver
Command: [56a45dd587e608bd94f46bf269b4e508, clickElement {id=f.3AAD7566EB6F28F96322BDFF12349B72.d.03ED23960F19C1E77322C35CA84B6018.e.18}]
Capabilities {acceptInsecureCerts: false, browserName: chrome, browserVersion: 151.0.7922.140, chrome: {chromedriverVersion: 151.0.7922.138 (41fa8244239..., userDataDir: C:\Users\Asus\AppData\Local...}, fedcm:accounts: true, goog:chromeOptions: {debuggerAddress: localhost:50639}, goog:processID: 6892, networkConnectionEnabled: false, pageLoadStrategy: normal, platformName: windows, proxy: Proxy(), se:cdp: ws://localhost:50639/devtoo..., se:cdpVersion: 151.0.7922.140, setWindowRect: true, strictFileInteractability: false, timeouts: {implicit: 0, pageLoad: 300000, script: 30000}, unhandledPromptBehavior: dismiss and notify, webauthn:extension:credBlob: true, webauthn:extension:largeBlob: true, webauthn:extension:minPinLength: true, webauthn:extension:prf: true, webauthn:virtualAuthenticators: true}
Element: [[ChromeDriver: chrome on windows (56a45dd587e608bd94f46bf269b4e508)] -> id: hobbies-checkbox-2]
Session ID: 56a45dd587e608bd94f46bf269b4e508
at org.openqa.selenium.remote.ErrorCodec.decode(ErrorCodec.java:167)
at org.openqa.selenium.remote.codec.w3c.W3CHttpResponseCodec.decode(W3CHttpResponseCodec.java:142)
at org.openqa.selenium.remote.codec.w3c.W3CHttpResponseCodec.decode(W3CHttpResponseCodec.java:49)
at org.openqa.selenium.remote.HttpCommandExecutor.execute(HttpCommandExecutor.java:215)
at org.openqa.selenium.remote.service.DriverCommandExecutor.invokeExecute(DriverCommandExecutor.java:216)
at org.openqa.selenium.remote.service.DriverCommandExecutor.execute(DriverCommandExecutor.java:174)
at org.openqa.selenium.remote.RemoteWebDriver.execute(RemoteWebDriver.java:561)
at org.openqa.selenium.remote.RemoteWebElement.execute(RemoteWebElement.java:223)
at org.openqa.selenium.remote.RemoteWebElement.click(RemoteWebElement.java:76)
at DemoQA_PracticeForm.practiceForm_02.fillAdditionalDetails(practiceForm_02.java:23)
at java.base/java.util.ArrayList.forEach(ArrayList.java:1511)
... Removed 28 stack frames]]>
    </failure>
  </testcase> <!-- fillAdditionalDetails -->
</testsuite> <!-- Test -->
