<?xml version="1.0" encoding="UTF-8"?>
<!-- Generated by org.testng.reporters.JUnitXMLReporter -->
<testsuite ignored="0" hostname="DESKTOP-JTEGST3" failures="0" tests="5" name="Default test" time="14.566" errors="0" timestamp="2026-08-20T11:35:06 IST">
  <testcase classname="test_dataProvider.saucedemo_login_logout" name="login" time="0.345"/>
  <testcase classname="test_dataProvider.saucedemo_login_logout" name="login" time="0.141"/>
  <testcase classname="test_dataProvider.saucedemo_login_logout" name="login" time="5.136"/>
  <testcase classname="test_dataProvider.saucedemo_login_logout" name="login" time="0.115"/>
  <testcase classname="test_dataProvider.saucedemo_login_logout" name="login" time="0.114"/>
</testsuite> <!-- Default test -->
