<?xml version="1.0" encoding="UTF-8"?>
<!-- Generated by org.testng.reporters.JUnitXMLReporter -->
<testsuite ignored="0" hostname="DESKTOP-JTEGST3" failures="0" tests="3" name="Default test" time="0.068" errors="0" timestamp="2026-08-17T15:54:18 IST">
  <testcase classname="test.automation_testing.TestNG_practice1" name="abc" time="0.012"/>
  <testcase classname="test.automation_testing.TestNG_practice1" name="show" time="0.002"/>
  <testcase classname="test.automation_testing.TestNG_practice1" name="xyz" time="0.002"/>
</testsuite> <!-- Default test -->
